0 info it worked if it ends with ok
1 verbose cli [ 'C:\\Program Files\\nodejs\\\\node.exe',
1 verbose cli   'C:\\Program Files\\nodejs\\node_modules\\npm\\bin\\npm-cli.js',
1 verbose cli   'install',
1 verbose cli   'davidpadbury-node-highcharts-576f763.tar.gz' ]
2 info using npm@1.4.28
3 info using node@v0.10.33
4 verbose node symlink C:\Program Files\nodejs\\node.exe
5 verbose readDependencies using package.json deps
6 verbose cache add [ 'davidpadbury-node-highcharts-576f763.tar.gz', null ]
7 verbose cache add name=undefined spec="davidpadbury-node-highcharts-576f763.tar.gz" args=["davidpadbury-node-highcharts-576f763.tar.gz",null]
8 verbose parsed url { protocol: null,
8 verbose parsed url   slashes: null,
8 verbose parsed url   auth: null,
8 verbose parsed url   host: null,
8 verbose parsed url   port: null,
8 verbose parsed url   hostname: null,
8 verbose parsed url   hash: null,
8 verbose parsed url   search: null,
8 verbose parsed url   query: null,
8 verbose parsed url   pathname: 'davidpadbury-node-highcharts-576f763.tar.gz',
8 verbose parsed url   path: 'davidpadbury-node-highcharts-576f763.tar.gz',
8 verbose parsed url   href: 'davidpadbury-node-highcharts-576f763.tar.gz' }
9 silly lockFile f6d3751e-y-node-highcharts-576f763-tar-gz davidpadbury-node-highcharts-576f763.tar.gz
10 verbose lock davidpadbury-node-highcharts-576f763.tar.gz C:\Users\elqstux\AppData\Roaming\npm-cache\f6d3751e-y-node-highcharts-576f763-tar-gz.lock
11 silly lockFile f6d3751e-y-node-highcharts-576f763-tar-gz davidpadbury-node-highcharts-576f763.tar.gz
12 silly lockFile f6d3751e-y-node-highcharts-576f763-tar-gz davidpadbury-node-highcharts-576f763.tar.gz
13 verbose addNamed [ 'davidpadbury-node-highcharts-576f763.tar.gz', '' ]
14 verbose addNamed [ null, '*' ]
15 silly lockFile 162a1931-y-node-highcharts-576f763-tar-gz davidpadbury-node-highcharts-576f763.tar.gz@
16 verbose lock davidpadbury-node-highcharts-576f763.tar.gz@ C:\Users\elqstux\AppData\Roaming\npm-cache\162a1931-y-node-highcharts-576f763-tar-gz.lock
17 silly addNameRange { name: 'davidpadbury-node-highcharts-576f763.tar.gz',
17 silly addNameRange   range: '*',
17 silly addNameRange   hasData: false }
18 verbose request where is /davidpadbury-node-highcharts-576f763.tar.gz
19 verbose request registry https://registry.npmjs.org/
20 verbose request id 736a61bbab8bd2a2
21 verbose url raw /davidpadbury-node-highcharts-576f763.tar.gz
22 verbose url resolving [ 'https://registry.npmjs.org/',
22 verbose url resolving   './davidpadbury-node-highcharts-576f763.tar.gz' ]
23 verbose url resolved https://registry.npmjs.org/davidpadbury-node-highcharts-576f763.tar.gz
24 verbose request where is https://registry.npmjs.org/davidpadbury-node-highcharts-576f763.tar.gz
25 info trying registry request attempt 1 at 11:41:31
26 http GET https://registry.npmjs.org/davidpadbury-node-highcharts-576f763.tar.gz
27 http 404 https://registry.npmjs.org/davidpadbury-node-highcharts-576f763.tar.gz
28 verbose headers { date: 'Sat, 27 Dec 2014 03:41:33 GMT',
28 verbose headers   server: 'CouchDB/1.5.0 (Erlang OTP/R16B03)',
28 verbose headers   'content-type': 'application/json',
28 verbose headers   'cache-control': 'max-age=0',
28 verbose headers   'content-length': '52',
28 verbose headers   'accept-ranges': 'bytes',
28 verbose headers   via: '1.1 varnish',
28 verbose headers   age: '0',
28 verbose headers   'x-served-by': 'cache-ty66-TYO',
28 verbose headers   'x-cache': 'MISS',
28 verbose headers   'x-cache-hits': '0',
28 verbose headers   'x-timer': 'S1419651692.629020,VS0,VE471',
28 verbose headers   'keep-alive': 'timeout=10, max=50',
28 verbose headers   connection: 'Keep-Alive' }
29 silly registry.get cb [ 404,
29 silly registry.get   { date: 'Sat, 27 Dec 2014 03:41:33 GMT',
29 silly registry.get     server: 'CouchDB/1.5.0 (Erlang OTP/R16B03)',
29 silly registry.get     'content-type': 'application/json',
29 silly registry.get     'cache-control': 'max-age=0',
29 silly registry.get     'content-length': '52',
29 silly registry.get     'accept-ranges': 'bytes',
29 silly registry.get     via: '1.1 varnish',
29 silly registry.get     age: '0',
29 silly registry.get     'x-served-by': 'cache-ty66-TYO',
29 silly registry.get     'x-cache': 'MISS',
29 silly registry.get     'x-cache-hits': '0',
29 silly registry.get     'x-timer': 'S1419651692.629020,VS0,VE471',
29 silly registry.get     'keep-alive': 'timeout=10, max=50',
29 silly registry.get     connection: 'Keep-Alive' } ]
30 silly lockFile 162a1931-y-node-highcharts-576f763-tar-gz davidpadbury-node-highcharts-576f763.tar.gz@
31 silly lockFile 162a1931-y-node-highcharts-576f763-tar-gz davidpadbury-node-highcharts-576f763.tar.gz@
32 error 404 404 Not Found: davidpadbury-node-highcharts-576f763.tar.gz
32 error 404
32 error 404 'davidpadbury-node-highcharts-576f763.tar.gz' is not in the npm registry.
32 error 404 You should bug the author to publish it
32 error 404 It was specified as a dependency of 'Monitor'
32 error 404
32 error 404 Note that you can also install from a
32 error 404 tarball, folder, or http url, or git url.
33 error System Windows_NT 6.1.7601
34 error command "C:\\Program Files\\nodejs\\\\node.exe" "C:\\Program Files\\nodejs\\node_modules\\npm\\bin\\npm-cli.js" "install" "davidpadbury-node-highcharts-576f763.tar.gz"
35 error cwd C:\Monitor
36 error node -v v0.10.33
37 error npm -v 1.4.28
38 error code E404
39 verbose exit [ 1, true ]
